Using pre-set license
Built from '2020.2/release' branch; Version is '2020.2.4f1 (becced5a802b) revision 12504301'; Using compiler version '192528614'; Build Type 'Release'
OS: 'Windows 10 Pro; OS build 18363.1316; Version 1909; 64bit' Language: 'ru' Physical Memory: 16332 MB
BatchMode: 1, IsHumanControllingUs: 0, StartBugReporterOnCrash: 0, Is64bit: 1, IsPro: 0

 COMMAND LINE ARGUMENTS:
D:\Unity\2020.2.4f1\Editor\Unity.exe
-adb2
-batchMode
-noUpm
-name
AssetImportWorker0
-projectPath
D:/Unity/Project/3D CubeMove
-logFile
Logs/AssetImportWorker0.log
-srvPort
54907
Successfully changed project path to: D:/Unity/Project/3D CubeMove
D:/Unity/Project/3D CubeMove
Using Asset Import Pipeline V2.
Refreshing native plugins compatible for Editor in 57.95 ms, found 0 plugins.
Preloading 0 native plugins for Editor in 0.00 ms.
Initialize engine version: 2020.2.4f1 (becced5a802b)
[Subsystems] Discovering subsystems at path D:/Unity/2020.2.4f1/Editor/Data/Resources/UnitySubsystems
[Subsystems] Discovering subsystems at path D:/Unity/Project/3D CubeMove/Assets
GfxDevice: creating device client; threaded=0
Direct3D:
    Version:  Direct3D 11.0 [level 11.1]
    Renderer: NVIDIA GeForce GTX 1650 (ID=0x1f82)
    Vendor:   
    VRAM:     3962 MB
    Driver:   27.21.14.6140
Shader 'Universal Render Pipeline/Particles/Lit': fallback shader 'Universal Render Pipeline/Particles/SimpleLit' not found
Initialize mono
Mono path[0] = 'D:/Unity/2020.2.4f1/Editor/Data/Managed'
Mono path[1] = 'D:/Unity/2020.2.4f1/Editor/Data/MonoBleedingEdge/lib/mono/unityjit'
Mono config path = 'D:/Unity/2020.2.4f1/Editor/Data/MonoBleedingEdge/etc'
Using monoOptions --debugger-agent=transport=dt_socket,embedding=1,server=y,suspend=n,address=127.0.0.1:56968
Begin MonoManager ReloadAssembly
Registering precompiled unity dll's ...
Register platform support module: D:/Unity/2020.2.4f1/Editor/Data/PlaybackEngines/WindowsStandaloneSupport/UnityEditor.WindowsStandalone.Extensions.dll
Registered in 0.000974 seconds.
Native extension for WindowsStandalone target not found
Refreshing native plugins compatible for Editor in 54.73 ms, found 0 plugins.
Preloading 0 native plugins for Editor in 0.00 ms.
Invoked RoslynAnalysisRunner static constructor.
RoslynAnalysisRunner will not be running.
RoslynAnalysisRunner has terminated.
Mono: successfully reloaded assembly
- Completed reload, in  1.415 seconds
Platform modules already initialized, skipping
Registering precompiled user dll's ...
Registered in 0.001056 seconds.
Begin MonoManager ReloadAssembly
Native extension for WindowsStandalone target not found
Refreshing native plugins compatible for Editor in 53.75 ms, found 0 plugins.
Preloading 0 native plugins for Editor in 0.00 ms.
Invoked RoslynAnalysisRunner static constructor.
RoslynAnalysisRunner will not be running.
RoslynAnalysisRunner has terminated.
Mono: successfully reloaded assembly
- Completed reload, in  0.965 seconds
Platform modules already initialized, skipping
========================================================================
Worker process is ready to serve import requests
Shader 'Universal Render Pipeline/Particles/Lit': fallback shader 'Universal Render Pipeline/Particles/SimpleLit' not found
Launched and connected shader compiler UnityShaderCompiler.exe after 0.05 seconds
Refreshing native plugins compatible for Editor in 0.63 ms, found 0 plugins.
Preloading 0 native plugins for Editor in 0.00 ms.
Unloading 2548 Unused Serialized files (Serialized files now loaded: 0)
System memory in use before: 117.4 MB.
System memory in use after: 117.6 MB.

Unloading 25 unused Assets to reduce memory usage. Loaded Objects now: 2977.
Total: 2.435000 ms (FindLiveObjects: 0.290300 ms CreateObjectMapping: 0.074400 ms MarkObjects: 1.982200 ms  DeleteObjects: 0.086700 ms)

========================================================================
Received Import Request.
  path: Assets/Scenes/Level19 1.unity
  artifactKey: Guid(508bed4392d65844aab861303ebb5023) Importer(815301076,1909f56bfc062723c751e8b465ee728b)
Start importing Assets/Scenes/Level19 1.unity using Guid(508bed4392d65844aab861303ebb5023) Importer(815301076,1909f56bfc062723c751e8b465ee728b)  -> (artifact id: '14efefcccc56a667d0084e289bc27549') in 0.011429 seconds
  Import took 0.015411 seconds .

========================================================================
Received Import Request.
  Time since last request: 57.073162 seconds.
  path: Assets/Scenes/Level20.unity
  artifactKey: Guid(508bed4392d65844aab861303ebb5023) Importer(815301076,1909f56bfc062723c751e8b465ee728b)
Start importing Assets/Scenes/Level20.unity using Guid(508bed4392d65844aab861303ebb5023) Importer(815301076,1909f56bfc062723c751e8b465ee728b)  -> (artifact id: 'f9824eed344702d41a19963ad08b8946') in 0.002140 seconds
  Import took 0.006492 seconds .

========================================================================
Received Import Request.
  Time since last request: 148.744158 seconds.
  path: Assets/Scripts/Activator.cs
  artifactKey: Guid(37f26468fc95b6e43b8b6d287be58e16) Importer(815301076,1909f56bfc062723c751e8b465ee728b)
Start importing Assets/Scripts/Activator.cs using Guid(37f26468fc95b6e43b8b6d287be58e16) Importer(815301076,1909f56bfc062723c751e8b465ee728b)  -> (artifact id: '8d278ba1478371fe5e14ec0b60d41a8a') in 0.024302 seconds
  Import took 0.028562 seconds .

========================================================================
Received Import Request.
  Time since last request: 445.399880 seconds.
  path: Assets/Scripts/Activator.cs
  artifactKey: Guid(37f26468fc95b6e43b8b6d287be58e16) Importer(815301076,1909f56bfc062723c751e8b465ee728b)
Start importing Assets/Scripts/Activator.cs using Guid(37f26468fc95b6e43b8b6d287be58e16) Importer(815301076,1909f56bfc062723c751e8b465ee728b)  -> (artifact id: 'd0b5a87f033df622be96eab01daf3532') in 0.001283 seconds
  Import took 0.005501 seconds .

========================================================================
Received Import Request.
  Time since last request: 0.000919 seconds.
  path: Assets/Scripts/Activator.cs
  artifactKey: Guid(37f26468fc95b6e43b8b6d287be58e16) Importer(815301076,1909f56bfc062723c751e8b465ee728b)
Start importing Assets/Scripts/Activator.cs using Guid(37f26468fc95b6e43b8b6d287be58e16) Importer(815301076,1909f56bfc062723c751e8b465ee728b)  -> (artifact id: 'd0b5a87f033df622be96eab01daf3532') in 0.001198 seconds
  Import took 0.005303 seconds .

========================================================================
Received Prepare
Registering precompiled user dll's ...
Registered in 0.001104 seconds.
Begin MonoManager ReloadAssembly
Native extension for WindowsStandalone target not found
Refreshing native plugins compatible for Editor in 0.62 ms, found 0 plugins.
Preloading 0 native plugins for Editor in 0.00 ms.
Invoked RoslynAnalysisRunner static constructor.
RoslynAnalysisRunner will not be running.
RoslynAnalysisRunner has terminated.
Mono: successfully reloaded assembly
- Completed reload, in  0.860 seconds
Platform modules already initialized, skipping
Switching build target platform(5) subTarget(0) extendedPlatform(0) -> platform(13) subTarget(537395205) extendedPlatform(0)
Shader 'Universal Render Pipeline/Particles/Lit': fallback shader 'Universal Render Pipeline/Particles/SimpleLit' not found
Refreshing native plugins compatible for Editor in 0.64 ms, found 0 plugins.
Preloading 0 native plugins for Editor in 0.00 ms.
Unloading 2431 Unused Serialized files (Serialized files now loaded: 0)
System memory in use before: 110.0 MB.
System memory in use after: 110.2 MB.

Unloading 21 unused Assets to reduce memory usage. Loaded Objects now: 2980.
Total: 2.225800 ms (FindLiveObjects: 0.323100 ms CreateObjectMapping: 0.067500 ms MarkObjects: 1.810700 ms  DeleteObjects: 0.023400 ms)

AssetImportParameters requested are different than current active one (requested -> active):
  custom:graphics/normal-map-encoding: 01000000000000000000000000000000 -> 02000000000000000000000000000000
========================================================================
Received Import Request.
  Time since last request: 765.571879 seconds.
  path: Assets/Prefabs/CubeFrozen.prefab
  artifactKey: Guid(d78d13ab00858b64982398d394ce778f) Importer(815301076,1909f56bfc062723c751e8b465ee728b)
Start importing Assets/Prefabs/CubeFrozen.prefab using Guid(d78d13ab00858b64982398d394ce778f) Importer(815301076,1909f56bfc062723c751e8b465ee728b)  -> (artifact id: 'f5eaab8dc1da44a93357d01e2bc9b6bb') in 0.230193 seconds
  Import took 0.234844 seconds .

========================================================================
Received Import Request.
  Time since last request: 202.112243 seconds.
  path: Assets/Prefabs/Cylinder.prefab
  artifactKey: Guid(3be146496128b4f43abddbe168693f79) Importer(815301076,1909f56bfc062723c751e8b465ee728b)
Start importing Assets/Prefabs/Cylinder.prefab using Guid(3be146496128b4f43abddbe168693f79) Importer(815301076,1909f56bfc062723c751e8b465ee728b)  -> (artifact id: '4414f0c9b5590831a6d041e1a6008b90') in 0.007962 seconds
  Import took 0.012118 seconds .

========================================================================
Received Import Request.
  Time since last request: 12.746654 seconds.
  path: Assets/Scenes/Level20.unity
  artifactKey: Guid(508bed4392d65844aab861303ebb5023) Importer(815301076,1909f56bfc062723c751e8b465ee728b)
Start importing Assets/Scenes/Level20.unity using Guid(508bed4392d65844aab861303ebb5023) Importer(815301076,1909f56bfc062723c751e8b465ee728b)  -> (artifact id: '5128be2681d08fc6232a6790885939e9') in 0.001616 seconds
  Import took 0.005705 seconds .

========================================================================
Received Prepare
Registering precompiled user dll's ...
Registered in 0.001147 seconds.
Begin MonoManager ReloadAssembly
Native extension for WindowsStandalone target not found
Refreshing native plugins compatible for Editor in 0.61 ms, found 0 plugins.
Preloading 0 native plugins for Editor in 0.00 ms.
Invoked RoslynAnalysisRunner static constructor.
RoslynAnalysisRunner will not be running.
RoslynAnalysisRunner has terminated.
Mono: successfully reloaded assembly
- Completed reload, in  0.922 seconds
Platform modules already initialized, skipping
Switching build target platform(5) subTarget(0) extendedPlatform(0) -> platform(13) subTarget(537395205) extendedPlatform(0)
Shader 'Universal Render Pipeline/Particles/Lit': fallback shader 'Universal Render Pipeline/Particles/SimpleLit' not found
Refreshing native plugins compatible for Editor in 0.63 ms, found 0 plugins.
Preloading 0 native plugins for Editor in 0.00 ms.
Unloading 2431 Unused Serialized files (Serialized files now loaded: 0)
System memory in use before: 115.2 MB.
System memory in use after: 115.4 MB.

Unloading 21 unused Assets to reduce memory usage. Loaded Objects now: 3029.
Total: 2.346700 ms (FindLiveObjects: 0.315100 ms CreateObjectMapping: 0.070200 ms MarkObjects: 1.940000 ms  DeleteObjects: 0.020300 ms)

AssetImportParameters requested are different than current active one (requested -> active):
  custom:graphics/normal-map-encoding: 01000000000000000000000000000000 -> 02000000000000000000000000000000
========================================================================
Received Import Request.
  Time since last request: 100.526531 seconds.
  path: Assets/Scripts/Activator.cs
  artifactKey: Guid(37f26468fc95b6e43b8b6d287be58e16) Importer(815301076,1909f56bfc062723c751e8b465ee728b)
Start importing Assets/Scripts/Activator.cs using Guid(37f26468fc95b6e43b8b6d287be58e16) Importer(815301076,1909f56bfc062723c751e8b465ee728b)  -> (artifact id: '2301c27c214e5d5f110096c80e9c2068') in 0.004727 seconds
  Import took 0.008709 seconds .

========================================================================
Received Import Request.
  Time since last request: 1.143080 seconds.
  path: Assets/Scripts/Activator2.cs
  artifactKey: Guid(37f26468fc95b6e43b8b6d287be58e16) Importer(815301076,1909f56bfc062723c751e8b465ee728b)
Start importing Assets/Scripts/Activator2.cs using Guid(37f26468fc95b6e43b8b6d287be58e16) Importer(815301076,1909f56bfc062723c751e8b465ee728b)  -> (artifact id: '07f8cea003ebedd12570ad6893090117') in 0.001491 seconds
  Import took 0.005428 seconds .

========================================================================
Received Prepare
Registering precompiled user dll's ...
Registered in 0.001133 seconds.
Begin MonoManager ReloadAssembly
Native extension for WindowsStandalone target not found
Refreshing native plugins compatible for Editor in 0.61 ms, found 0 plugins.
Preloading 0 native plugins for Editor in 0.00 ms.
Invoked RoslynAnalysisRunner static constructor.
RoslynAnalysisRunner will not be running.
RoslynAnalysisRunner has terminated.
Mono: successfully reloaded assembly
- Completed reload, in  0.931 seconds
Platform modules already initialized, skipping
Switching build target platform(5) subTarget(0) extendedPlatform(0) -> platform(13) subTarget(537395205) extendedPlatform(0)
Shader 'Universal Render Pipeline/Particles/Lit': fallback shader 'Universal Render Pipeline/Particles/SimpleLit' not found
Refreshing native plugins compatible for Editor in 0.65 ms, found 0 plugins.
Preloading 0 native plugins for Editor in 0.00 ms.
Unloading 2431 Unused Serialized files (Serialized files now loaded: 0)
System memory in use before: 115.3 MB.
System memory in use after: 115.5 MB.

Unloading 21 unused Assets to reduce memory usage. Loaded Objects now: 3031.
Total: 2.536900 ms (FindLiveObjects: 0.338300 ms CreateObjectMapping: 0.075600 ms MarkObjects: 2.098800 ms  DeleteObjects: 0.022800 ms)

AssetImportParameters requested are different than current active one (requested -> active):
  custom:graphics/normal-map-encoding: 01000000000000000000000000000000 -> 02000000000000000000000000000000
========================================================================
Received Prepare
Registering precompiled user dll's ...
Registered in 0.001125 seconds.
Begin MonoManager ReloadAssembly
Native extension for WindowsStandalone target not found
Refreshing native plugins compatible for Editor in 0.64 ms, found 0 plugins.
Preloading 0 native plugins for Editor in 0.00 ms.
Invoked RoslynAnalysisRunner static constructor.
RoslynAnalysisRunner will not be running.
RoslynAnalysisRunner has terminated.
Mono: successfully reloaded assembly
- Completed reload, in  0.935 seconds
Platform modules already initialized, skipping
Switching build target platform(5) subTarget(0) extendedPlatform(0) -> platform(13) subTarget(537395205) extendedPlatform(0)
Shader 'Universal Render Pipeline/Particles/Lit': fallback shader 'Universal Render Pipeline/Particles/SimpleLit' not found
Refreshing native plugins compatible for Editor in 0.66 ms, found 0 plugins.
Preloading 0 native plugins for Editor in 0.00 ms.
Unloading 2431 Unused Serialized files (Serialized files now loaded: 0)
System memory in use before: 115.3 MB.
System memory in use after: 115.5 MB.

Unloading 21 unused Assets to reduce memory usage. Loaded Objects now: 3033.
Total: 2.803900 ms (FindLiveObjects: 0.479900 ms CreateObjectMapping: 0.095500 ms MarkObjects: 2.206100 ms  DeleteObjects: 0.021200 ms)

AssetImportParameters requested are different than current active one (requested -> active):
  custom:graphics/normal-map-encoding: 01000000000000000000000000000000 -> 02000000000000000000000000000000
========================================================================
Received Prepare
Registering precompiled user dll's ...
Registered in 0.001092 seconds.
Begin MonoManager ReloadAssembly
Native extension for WindowsStandalone target not found
Refreshing native plugins compatible for Editor in 0.61 ms, found 0 plugins.
Preloading 0 native plugins for Editor in 0.00 ms.
Invoked RoslynAnalysisRunner static constructor.
RoslynAnalysisRunner will not be running.
RoslynAnalysisRunner has terminated.
Mono: successfully reloaded assembly
- Completed reload, in  0.899 seconds
Platform modules already initialized, skipping
Switching build target platform(5) subTarget(0) extendedPlatform(0) -> platform(13) subTarget(537395205) extendedPlatform(0)
Shader 'Universal Render Pipeline/Particles/Lit': fallback shader 'Universal Render Pipeline/Particles/SimpleLit' not found
Refreshing native plugins compatible for Editor in 0.70 ms, found 0 plugins.
Preloading 0 native plugins for Editor in 0.00 ms.
Unloading 2432 Unused Serialized files (Serialized files now loaded: 0)
System memory in use before: 115.2 MB.
System memory in use after: 115.4 MB.

Unloading 21 unused Assets to reduce memory usage. Loaded Objects now: 3036.
Total: 2.527300 ms (FindLiveObjects: 0.316100 ms CreateObjectMapping: 0.072400 ms MarkObjects: 2.115000 ms  DeleteObjects: 0.022700 ms)

AssetImportParameters requested are different than current active one (requested -> active):
  custom:graphics/normal-map-encoding: 01000000000000000000000000000000 -> 02000000000000000000000000000000
========================================================================
Received Import Request.
  Time since last request: 287.367881 seconds.
  path: Assets/Materials/transperant.mat
  artifactKey: Guid(3a27ff83dc3316b4880134b7ed0ea175) Importer(815301076,1909f56bfc062723c751e8b465ee728b)
Start importing Assets/Materials/transperant.mat using Guid(3a27ff83dc3316b4880134b7ed0ea175) Importer(815301076,1909f56bfc062723c751e8b465ee728b)  -> (artifact id: '4d8efdb87bdf63f8cedbe060ba2f477b') in 0.166597 seconds
  Import took 0.171113 seconds .

========================================================================
Received Prepare
Registering precompiled user dll's ...
Registered in 0.001093 seconds.
Begin MonoManager ReloadAssembly
Native extension for WindowsStandalone target not found
Refreshing native plugins compatible for Editor in 0.63 ms, found 0 plugins.
Preloading 0 native plugins for Editor in 0.00 ms.
Invoked RoslynAnalysisRunner static constructor.
RoslynAnalysisRunner will not be running.
RoslynAnalysisRunner has terminated.
Mono: successfully reloaded assembly
- Completed reload, in  0.880 seconds
Platform modules already initialized, skipping
Switching build target platform(5) subTarget(0) extendedPlatform(0) -> platform(13) subTarget(537395205) extendedPlatform(0)
Shader 'Universal Render Pipeline/Particles/Lit': fallback shader 'Universal Render Pipeline/Particles/SimpleLit' not found
Refreshing native plugins compatible for Editor in 0.63 ms, found 0 plugins.
Preloading 0 native plugins for Editor in 0.00 ms.
Unloading 2432 Unused Serialized files (Serialized files now loaded: 0)
System memory in use before: 115.6 MB.
System memory in use after: 115.9 MB.

Unloading 21 unused Assets to reduce memory usage. Loaded Objects now: 3107.
Total: 2.623700 ms (FindLiveObjects: 0.333900 ms CreateObjectMapping: 0.073700 ms MarkObjects: 2.191100 ms  DeleteObjects: 0.023900 ms)

AssetImportParameters requested are different than current active one (requested -> active):
  custom:graphics/normal-map-encoding: 01000000000000000000000000000000 -> 02000000000000000000000000000000
========================================================================
Received Prepare
Registering precompiled user dll's ...
Registered in 0.001172 seconds.
Begin MonoManager ReloadAssembly
Native extension for WindowsStandalone target not found
Refreshing native plugins compatible for Editor in 0.67 ms, found 0 plugins.
Preloading 0 native plugins for Editor in 0.00 ms.
Invoked RoslynAnalysisRunner static constructor.
RoslynAnalysisRunner will not be running.
RoslynAnalysisRunner has terminated.
Mono: successfully reloaded assembly
- Completed reload, in  0.934 seconds
Platform modules already initialized, skipping
Switching build target platform(5) subTarget(0) extendedPlatform(0) -> platform(13) subTarget(537395205) extendedPlatform(0)
Shader 'Universal Render Pipeline/Particles/Lit': fallback shader 'Universal Render Pipeline/Particles/SimpleLit' not found
Refreshing native plugins compatible for Editor in 0.67 ms, found 0 plugins.
Preloading 0 native plugins for Editor in 0.00 ms.
Unloading 2432 Unused Serialized files (Serialized files now loaded: 0)
System memory in use before: 115.6 MB.
System memory in use after: 115.9 MB.

Unloading 21 unused Assets to reduce memory usage. Loaded Objects now: 3109.
Total: 2.407600 ms (FindLiveObjects: 0.349700 ms CreateObjectMapping: 0.070500 ms MarkObjects: 1.963900 ms  DeleteObjects: 0.022300 ms)

AssetImportParameters requested are different than current active one (requested -> active):
  custom:graphics/normal-map-encoding: 01000000000000000000000000000000 -> 02000000000000000000000000000000
========================================================================
Received Prepare
Registering precompiled user dll's ...
Registered in 0.001091 seconds.
Begin MonoManager ReloadAssembly
Native extension for WindowsStandalone target not found
Refreshing native plugins compatible for Editor in 0.64 ms, found 0 plugins.
Preloading 0 native plugins for Editor in 0.00 ms.
Invoked RoslynAnalysisRunner static constructor.
RoslynAnalysisRunner will not be running.
RoslynAnalysisRunner has terminated.
Mono: successfully reloaded assembly
- Completed reload, in  0.896 seconds
Platform modules already initialized, skipping
Switching build target platform(5) subTarget(0) extendedPlatform(0) -> platform(13) subTarget(537395205) extendedPlatform(0)
Shader 'Universal Render Pipeline/Particles/Lit': fallback shader 'Universal Render Pipeline/Particles/SimpleLit' not found
Refreshing native plugins compatible for Editor in 0.68 ms, found 0 plugins.
Preloading 0 native plugins for Editor in 0.00 ms.
Unloading 2432 Unused Serialized files (Serialized files now loaded: 0)
System memory in use before: 115.7 MB.
System memory in use after: 115.9 MB.

Unloading 21 unused Assets to reduce memory usage. Loaded Objects now: 3111.
Total: 2.428500 ms (FindLiveObjects: 0.324200 ms CreateObjectMapping: 0.073600 ms MarkObjects: 2.009000 ms  DeleteObjects: 0.020400 ms)

AssetImportParameters requested are different than current active one (requested -> active):
  custom:graphics/normal-map-encoding: 01000000000000000000000000000000 -> 02000000000000000000000000000000
AssetImportWorkerClient::OnTransportError - code=2 error=End of file
